<?xml version="1.0" encoding="UTF-8"?>
<!-- Generated by org.testng.reporters.JUnitReportReporter -->
<testsuite skipped="0" hostname="Saishanmuk" name="com.pratian.testclasses.SignInTest" tests="4" failures="0" timestamp="2021-02-11T10:23:25 IST" time="7.421" errors="0">
  <testcase name="signInToHappytrip" time="3.484" classname="com.pratian.testclasses.SignInTest"/>
  <system-out/>
  <testcase name="signInuser" time="0.983" classname="com.pratian.testclasses.SignInTest"/>
  <system-out/>
  <testcase name="clickAddFlight" time="1.714" classname="com.pratian.testclasses.SignInTest"/>
  <system-out/>
  <testcase name="clickAddNewCity" time="1.240" classname="com.pratian.testclasses.SignInTest"/>
  <system-out/>
</testsuite> <!-- com.pratian.testclasses.SignInTest -->
