<?xml version="1.0" encoding="UTF-8"?>
<!-- Generated by org.testng.reporters.JUnitReportReporter -->
<testsuite skipped="0" hostname="Saishanmuk" name="com.pratian.testclasses.AddFlightTest" tests="3" failures="0" timestamp="2021-02-15T14:31:47 IST" time="7.928" errors="0">
  <testcase name="addFlightt" time="4.156" classname="com.pratian.testclasses.AddFlightTest"/>
  <system-out/>
  <testcase name="signInuser" time="1.171" classname="com.pratian.testclasses.AddFlightTest"/>
  <system-out/>
  <testcase name="clickAddFlight" time="2.601" classname="com.pratian.testclasses.AddFlightTest"/>
  <system-out/>
</testsuite> <!-- com.pratian.testclasses.AddFlightTest -->
