<?xml version="1.0" encoding="UTF-8"?>
<!-- Generated by org.testng.reporters.JUnitReportReporter -->
<testsuite hostname="Saishanmuk" failures="0" tests="1" name="selenium_javaframework.Browser" time="8.004" errors="0" timestamp="2021-02-08T18:42:14 IST" skipped="0">
  <testcase classname="selenium_javaframework.Browser" name="browseHappytrip" time="8.004"/>
  <system-out/>
</testsuite> <!-- selenium_javaframework.Browser -->
