<?xml version="1.0" encoding="UTF-8"?>
<!-- Generated by org.testng.reporters.JUnitReportReporter -->
<testsuite skipped="0" hostname="Saishanmuk" name="com.pratian.testclasses.SignInTest" tests="4" failures="0" timestamp="2021-03-01T11:06:09 IST" time="12.517" errors="0">
  <testcase name="signInToHappytrip" time="8.454" classname="com.pratian.testclasses.SignInTest"/>
  <system-out/>
  <testcase name="signInuser" time="1.234" classname="com.pratian.testclasses.SignInTest"/>
  <system-out/>
  <testcase name="clickAddNewCity" time="1.341" classname="com.pratian.testclasses.SignInTest"/>
  <system-out/>
  <testcase name="clickAddFlight" time="1.488" classname="com.pratian.testclasses.SignInTest"/>
  <system-out/>
</testsuite> <!-- com.pratian.testclasses.SignInTest -->
