<?xml version="1.0" encoding="UTF-8"?>
<!-- Generated by org.testng.reporters.JUnitReportReporter -->
<testsuite skipped="0" hostname="Saishanmuk" name="com.pratian.testclasses.AddFlightTest" tests="3" failures="0" timestamp="2021-02-16T12:30:33 IST" time="7.090" errors="0">
  <testcase name="addFlightt" time="3.789" classname="com.pratian.testclasses.AddFlightTest"/>
  <system-out/>
  <testcase name="signInuser" time="0.817" classname="com.pratian.testclasses.AddFlightTest"/>
  <system-out/>
  <testcase name="clickAddFlight" time="2.484" classname="com.pratian.testclasses.AddFlightTest"/>
  <system-out/>
</testsuite> <!-- com.pratian.testclasses.AddFlightTest -->
